<?xml version="1.0" encoding="UTF-8"?>
<!-- Generated by org.testng.reporters.JUnitXMLReporter -->
<testsuite hostname="DESKTOP-09AOGHD" ignored="0" name="Default test" tests="3" failures="1" timestamp="2022-05-31T05:52:04 IST" time="25.482" errors="0">
  <testcase name="runScenario" time="17.698" classname="io.cucumber.testng.AbstractTestNGCucumberTests"/>
  <testcase name="runScenario" time="22.459" classname="io.cucumber.testng.AbstractTestNGCucumberTests"/>
  <testcase name="runScenario" time="23.077" classname="io.cucumber.testng.AbstractTestNGCucumberTests">
    <failure type="java.lang.AssertionError" message="The following asserts failed:
	expected [Beetroot] but found [No data]">
      <![CDATA[java.lang.AssertionError: The following asserts failed:
expected [Beetroot] but found [No data]
at org.testng.asserts.SoftAssert.assertAll(SoftAssert.java:47)
at org.testng.asserts.SoftAssert.assertAll(SoftAssert.java:31)
at stepDefinations.OfferPageStepDefination.validate_product_name_in_offers_page_matches_with_landing_page(OfferPageStepDefination.java:39)
at âœ½.validate product name in offers page matches with Landing Page(file:///F:/Java/Selenium/CloneProjectCucumber/CucumberFrameworkTG/src/test/java/features/searchProduct.feature:9)
]]>
    </failure>
  </testcase> <!-- runScenario -->
</testsuite> <!-- Default test -->
