-------------------------------------------------------------------------------
Test set: TestSuite
-------------------------------------------------------------------------------
Tests run: 1, Failures: 1, Errors: 0, Skipped: 0, Time elapsed: 3.694 s <<< FAILURE! - in TestSuite
runScenario(cucumberOptions.TestNGTestRunner)  Time elapsed: 0.62 s  <<< FAILURE!
java.lang.NullPointerException

