<?xml version="1.0" encoding="UTF-8"?>
<!-- Generated by org.testng.reporters.JUnitReportReporter -->
<testsuite skipped="0" hostname="DESKTOP-09AOGHD" name="cucumberOptions.TestNGTestRunner" tests="3" failures="1" timestamp="2022-05-31T05:52:04 IST" time="63.234" errors="0">
  <testcase name="runScenario" time="22.459" classname="cucumberOptions.TestNGTestRunner"/>
  <system-out/>
  <testcase name="runScenario" time="23.077" classname="cucumberOptions.TestNGTestRunner">
    <failure type="java.lang.AssertionError" message="The following asserts failed:
	expected [Beetroot] but found [No data]">
      <![CDATA[java.lang.AssertionError: The following asserts failed:
expected [Beetroot] but found [No data]
at org.testng.asserts.SoftAssert.assertAll(SoftAssert.java:47)
at org.testng.asserts.SoftAssert.assertAll(SoftAssert.java:31)
at stepDefinations.OfferPageStepDefination.validate_product_name_in_offers_page_matches_with_landing_page(OfferPageStepDefination.java:39)
at âœ½.validate product name in offers page matches with Landing Page(file:///F:/Java/Selenium/CloneProjectCucumber/CucumberFrameworkTG/src/test/java/features/searchProduct.feature:9)
]]>
    </failure>
  </testcase> <!-- runScenario -->
  <system-out/>
  <testcase name="runScenario" time="17.698" classname="cucumberOptions.TestNGTestRunner"/>
  <system-out/>
</testsuite> <!-- cucumberOptions.TestNGTestRunner -->
