<?xml version="1.0" encoding="UTF-8"?>
<!-- Generated by org.testng.reporters.JUnitReportReporter -->
<testsuite skipped="0" hostname="DESKTOP-09AOGHD" name="cucumberOptions.FailedTestRunner" tests="2" failures="2" timestamp="2022-05-30T21:08:40 IST" time="40.313" errors="0">
  <testcase name="runScenario" time="20.597" classname="cucumberOptions.FailedTestRunner">
    <failure type="java.lang.AssertionError" message="The following asserts failed:
	expected [Beetroot] but found [No data]">
      <![CDATA[java.lang.AssertionError: The following asserts failed:
expected [Beetroot] but found [No data]
at org.testng.asserts.SoftAssert.assertAll(SoftAssert.java:47)
at org.testng.asserts.SoftAssert.assertAll(SoftAssert.java:31)
at stepDefinations.OfferPageStepDefination.validate_product_name_in_offers_page_matches_with_landing_page(OfferPageStepDefination.java:39)
at ✽.validate product name in offers page matches with Landing Page(file:///F:/Java/Selenium/cucumberscratch/src/test/java/features/searchProduct.feature:9)
]]>
    </failure>
  </testcase> <!-- runScenario -->
  <system-out/>
  <testcase name="runScenario" time="19.716" classname="cucumberOptions.FailedTestRunner">
    <failure type="java.lang.AssertionError" message="The following asserts failed:
	expected [Cucumber] but found [No data]">
      <![CDATA[java.lang.AssertionError: The following asserts failed:
expected [Cucumber] but found [No data]
at org.testng.asserts.SoftAssert.assertAll(SoftAssert.java:47)
at org.testng.asserts.SoftAssert.assertAll(SoftAssert.java:31)
at stepDefinations.OfferPageStepDefination.validate_product_name_in_offers_page_matches_with_landing_page(OfferPageStepDefination.java:39)
at ✽.validate product name in offers page matches with Landing Page(file:///F:/Java/Selenium/cucumberscratch/src/test/java/features/searchProduct.feature:9)
]]>
    </failure>
  </testcase> <!-- runScenario -->
  <system-out/>
</testsuite> <!-- cucumberOptions.FailedTestRunner -->
